Using pre-set license
Built from '2021.1/release' branch; Version is '2021.1.0f1 (61a549675243) revision 6399305'; Using compiler version '192528614'; Build Type 'Release'
OS: 'Windows 8.1  (6.3.0) 64bit' Language: 'ru' Physical Memory: 5995 MB
BatchMode: 1, IsHumanControllingUs: 0, StartBugReporterOnCrash: 0, Is64bit: 1, IsPro: 0

 COMMAND LINE ARGUMENTS:
G:\Program Files\Unity\Editor\Unity 2021.1.0f1\Editor\Unity.exe
-adb2
-batchMode
-noUpm
-name
AssetImportWorker0
-projectPath
F:/Megame/unity-developer-task-master/test
-logFile
Logs/AssetImportWorker0.log
-srvPort
60235
Successfully changed project path to: F:/Megame/unity-developer-task-master/test
F:/Megame/unity-developer-task-master/test
Using Asset Import Pipeline V2.
Refreshing native plugins compatible for Editor in 136.40 ms, found 1 plugins.
Preloading 0 native plugins for Editor in 0.00 ms.
Initialize engine version: 2021.1.0f1 (61a549675243)
[Subsystems] Discovering subsystems at path G:/Program Files/Unity/Editor/Unity 2021.1.0f1/Editor/Data/Resources/UnitySubsystems
[Subsystems] Discovering subsystems at path F:/Megame/unity-developer-task-master/test/Assets
GfxDevice: creating device client; threaded=0; jobified=0
d3d11: QueryInterface(IDXGIFactory5) failed (80004002).
Direct3D:
    Version:  Direct3D 11.0 [level 11.0]
    Renderer: NVIDIA GeForce GT 540M (ID=0xdf4)
    Vendor:   NVIDIA
    VRAM:     1986 MB
    Driver:   23.21.13.9135
Initialize mono
Mono path[0] = 'G:/Program Files/Unity/Editor/Unity 2021.1.0f1/Editor/Data/Managed'
Mono path[1] = 'G:/Program Files/Unity/Editor/Unity 2021.1.0f1/Editor/Data/MonoBleedingEdge/lib/mono/unityjit'
Mono config path = 'G:/Program Files/Unity/Editor/Unity 2021.1.0f1/Editor/Data/MonoBleedingEdge/etc'
Using monoOptions --debugger-agent=transport=dt_socket,embedding=1,server=y,suspend=n,address=127.0.0.1:56472
Begin MonoManager ReloadAssembly
Registering precompiled unity dll's ...
Register platform support module: G:/Program Files/Unity/Editor/Unity 2021.1.0f1/Editor/Data/PlaybackEngines/WindowsStandaloneSupport/UnityEditor.WindowsStandalone.Extensions.dll
Registered in 0.001295 seconds.
Native extension for WindowsStandalone target not found
Refreshing native plugins compatible for Editor in 134.86 ms, found 1 plugins.
Preloading 0 native plugins for Editor in 0.00 ms.
Mono: successfully reloaded assembly
- Completed reload, in  1.723 seconds
Platform modules already initialized, skipping
Registering precompiled user dll's ...
Registered in 0.004038 seconds.
Begin MonoManager ReloadAssembly
Native extension for WindowsStandalone target not found
Refreshing native plugins compatible for Editor in 1.11 ms, found 1 plugins.
Preloading 0 native plugins for Editor in 0.00 ms.
Mono: successfully reloaded assembly
- Completed reload, in  1.522 seconds
Platform modules already initialized, skipping
========================================================================
Worker process is ready to serve import requests
Launched and connected shader compiler UnityShaderCompiler.exe after 0.03 seconds
Refreshing native plugins compatible for Editor in 0.78 ms, found 1 plugins.
Preloading 0 native plugins for Editor in 0.00 ms.
Unloading 2670 Unused Serialized files (Serialized files now loaded: 0)
System memory in use before: 98.6 MB.
System memory in use after: 98.8 MB.

Unloading 15 unused Assets to reduce memory usage. Loaded Objects now: 3123.
Total: 4.198566 ms (FindLiveObjects: 0.280232 ms CreateObjectMapping: 0.159750 ms MarkObjects: 3.645689 ms  DeleteObjects: 0.110665 ms)

========================================================================
Received Import Request.
  path: Assets/AnimationIntegration/Models/Gunner/CC_Gunner_Model.fbx
  artifactKey: Guid(38ec3b340a032704c9dbac1eada86ef3) Importer(815301076,1909f56bfc062723c751e8b465ee728b)
Start importing Assets/AnimationIntegration/Models/Gunner/CC_Gunner_Model.fbx using Guid(38ec3b340a032704c9dbac1eada86ef3) Importer(815301076,1909f56bfc062723c751e8b465ee728b)  -> (artifact id: '4e5fdb7d9406a5ea8e66f699dd81326f') in 0.443516 seconds 
========================================================================
Received Prepare
Registering precompiled user dll's ...
Registered in 0.004605 seconds.
Begin MonoManager ReloadAssembly
Native extension for WindowsStandalone target not found
Refreshing native plugins compatible for Editor in 0.89 ms, found 1 plugins.
Preloading 0 native plugins for Editor in 0.00 ms.
Mono: successfully reloaded assembly
- Completed reload, in  1.723 seconds
Platform modules already initialized, skipping
Refreshing native plugins compatible for Editor in 0.99 ms, found 1 plugins.
Preloading 0 native plugins for Editor in 0.00 ms.
Unloading 2665 Unused Serialized files (Serialized files now loaded: 0)
System memory in use before: 116.5 MB.
System memory in use after: 116.7 MB.

Unloading 10 unused Assets to reduce memory usage. Loaded Objects now: 3170.
Total: 3.705484 ms (FindLiveObjects: 0.298973 ms CreateObjectMapping: 0.163320 ms MarkObjects: 3.154837 ms  DeleteObjects: 0.086122 ms)

========================================================================
Received Prepare
Registering precompiled user dll's ...
Registered in 0.007409 seconds.
Begin MonoManager ReloadAssembly
Native extension for WindowsStandalone target not found
Refreshing native plugins compatible for Editor in 1.44 ms, found 1 plugins.
Preloading 0 native plugins for Editor in 0.00 ms.
Mono: successfully reloaded assembly
- Completed reload, in  3.438 seconds
Platform modules already initialized, skipping
Refreshing native plugins compatible for Editor in 1.31 ms, found 1 plugins.
Preloading 0 native plugins for Editor in 0.00 ms.
Unloading 2665 Unused Serialized files (Serialized files now loaded: 0)
System memory in use before: 116.5 MB.
System memory in use after: 116.7 MB.

Unloading 10 unused Assets to reduce memory usage. Loaded Objects now: 3173.
Total: 5.547962 ms (FindLiveObjects: 0.414993 ms CreateObjectMapping: 0.401160 ms MarkObjects: 4.593479 ms  DeleteObjects: 0.132976 ms)

========================================================================
Received Prepare
Registering precompiled user dll's ...
Registered in 0.012554 seconds.
Begin MonoManager ReloadAssembly
Native extension for WindowsStandalone target not found
Refreshing native plugins compatible for Editor in 2.24 ms, found 1 plugins.
Preloading 0 native plugins for Editor in 0.00 ms.
Mono: successfully reloaded assembly
- Completed reload, in  5.366 seconds
Platform modules already initialized, skipping
Refreshing native plugins compatible for Editor in 1.91 ms, found 1 plugins.
Preloading 0 native plugins for Editor in 0.00 ms.
Unloading 2665 Unused Serialized files (Serialized files now loaded: 0)
System memory in use before: 116.5 MB.
System memory in use after: 116.7 MB.

Unloading 10 unused Assets to reduce memory usage. Loaded Objects now: 3176.
Total: 11.973210 ms (FindLiveObjects: 2.547074 ms CreateObjectMapping: 1.647477 ms MarkObjects: 7.562685 ms  DeleteObjects: 0.207050 ms)

========================================================================
Received Import Request.
  Time since last request: 2086.358652 seconds.
  path: Assets/Scenes/SampleScene.unity
  artifactKey: Guid(9fc0d4010bbf28b4594072e72b8655ab) Importer(815301076,1909f56bfc062723c751e8b465ee728b)
Start importing Assets/Scenes/SampleScene.unity using Guid(9fc0d4010bbf28b4594072e72b8655ab) Importer(815301076,1909f56bfc062723c751e8b465ee728b)  -> (artifact id: '83a8f13bf08ad0e51b838c696f233c89') in 0.036189 seconds 
========================================================================
Received Import Request.
  Time since last request: 16.081380 seconds.
  path: Assets/AnimationIntegration/Scenes/SampleScene.unity
  artifactKey: Guid(7eb126db46b29cc42803024080eb7565) Importer(815301076,1909f56bfc062723c751e8b465ee728b)
Start importing Assets/AnimationIntegration/Scenes/SampleScene.unity using Guid(7eb126db46b29cc42803024080eb7565) Importer(815301076,1909f56bfc062723c751e8b465ee728b)  -> (artifact id: 'dfe01424ea59d29f2a9db16784fae1bf') in 0.005334 seconds 
========================================================================
Received Prepare
Registering precompiled user dll's ...
Registered in 0.004873 seconds.
Begin MonoManager ReloadAssembly
Native extension for WindowsStandalone target not found
Refreshing native plugins compatible for Editor in 0.95 ms, found 1 plugins.
Preloading 0 native plugins for Editor in 0.00 ms.
Mono: successfully reloaded assembly
- Completed reload, in  1.947 seconds
Platform modules already initialized, skipping
Refreshing native plugins compatible for Editor in 4.09 ms, found 1 plugins.
Preloading 0 native plugins for Editor in 0.00 ms.
Unloading 2665 Unused Serialized files (Serialized files now loaded: 0)
System memory in use before: 116.6 MB.
System memory in use after: 116.8 MB.

Unloading 10 unused Assets to reduce memory usage. Loaded Objects now: 3179.
Total: 6.455145 ms (FindLiveObjects: 1.084782 ms CreateObjectMapping: 0.534136 ms MarkObjects: 4.705929 ms  DeleteObjects: 0.126283 ms)

========================================================================
Received Prepare
Registering precompiled user dll's ...
Registered in 0.008025 seconds.
Begin MonoManager ReloadAssembly
Native extension for WindowsStandalone target not found
Refreshing native plugins compatible for Editor in 1.80 ms, found 1 plugins.
Preloading 0 native plugins for Editor in 0.00 ms.
Mono: successfully reloaded assembly
- Completed reload, in  3.241 seconds
Platform modules already initialized, skipping
Refreshing native plugins compatible for Editor in 1.27 ms, found 1 plugins.
Preloading 0 native plugins for Editor in 0.00 ms.
Unloading 2665 Unused Serialized files (Serialized files now loaded: 0)
System memory in use before: 116.6 MB.
System memory in use after: 116.8 MB.

Unloading 10 unused Assets to reduce memory usage. Loaded Objects now: 3182.
Total: 5.758582 ms (FindLiveObjects: 0.646585 ms CreateObjectMapping: 0.449352 ms MarkObjects: 4.531007 ms  DeleteObjects: 0.125837 ms)

========================================================================
Received Prepare
Registering precompiled user dll's ...
Registered in 0.007591 seconds.
Begin MonoManager ReloadAssembly
Native extension for WindowsStandalone target not found
Refreshing native plugins compatible for Editor in 1.21 ms, found 1 plugins.
Preloading 0 native plugins for Editor in 0.00 ms.
Mono: successfully reloaded assembly
- Completed reload, in  2.835 seconds
Platform modules already initialized, skipping
Refreshing native plugins compatible for Editor in 1.36 ms, found 1 plugins.
Preloading 0 native plugins for Editor in 0.00 ms.
Unloading 2665 Unused Serialized files (Serialized files now loaded: 0)
System memory in use before: 116.6 MB.
System memory in use after: 116.8 MB.

Unloading 10 unused Assets to reduce memory usage. Loaded Objects now: 3185.
Total: 5.328418 ms (FindLiveObjects: 0.521195 ms CreateObjectMapping: 0.298973 ms MarkObjects: 4.383751 ms  DeleteObjects: 0.120482 ms)

========================================================================
Received Import Request.
  Time since last request: 517.495375 seconds.
  path: Assets/AnimationIntegration/Scenes/SampleScene.unity
  artifactKey: Guid(7eb126db46b29cc42803024080eb7565) Importer(815301076,1909f56bfc062723c751e8b465ee728b)
Start importing Assets/AnimationIntegration/Scenes/SampleScene.unity using Guid(7eb126db46b29cc42803024080eb7565) Importer(815301076,1909f56bfc062723c751e8b465ee728b)  -> (artifact id: '26615463efee35efdcad0cedc8be0713') in 0.035948 seconds 
========================================================================
Received Import Request.
  Time since last request: 17.612092 seconds.
  path: Assets/AnimationIntegration/Scenes/AnimationIntegration.unity
  artifactKey: Guid(7eb126db46b29cc42803024080eb7565) Importer(815301076,1909f56bfc062723c751e8b465ee728b)
Start importing Assets/AnimationIntegration/Scenes/AnimationIntegration.unity using Guid(7eb126db46b29cc42803024080eb7565) Importer(815301076,1909f56bfc062723c751e8b465ee728b)  -> (artifact id: 'e336fb7841e2e4189237d0ff17a0ec8f') in 0.012753 seconds 
========================================================================
Received Prepare
Registering precompiled user dll's ...
Registered in 0.013014 seconds.
Begin MonoManager ReloadAssembly
Native extension for WindowsStandalone target not found
Refreshing native plugins compatible for Editor in 2.21 ms, found 1 plugins.
Preloading 0 native plugins for Editor in 0.00 ms.
Mono: successfully reloaded assembly
- Completed reload, in  7.573 seconds
Platform modules already initialized, skipping
Refreshing native plugins compatible for Editor in 2.11 ms, found 1 plugins.
Preloading 0 native plugins for Editor in 0.00 ms.
Unloading 2665 Unused Serialized files (Serialized files now loaded: 0)
System memory in use before: 116.6 MB.
System memory in use after: 116.8 MB.

Unloading 10 unused Assets to reduce memory usage. Loaded Objects now: 3188.
Total: 8.372144 ms (FindLiveObjects: 0.682284 ms CreateObjectMapping: 0.454261 ms MarkObjects: 7.026764 ms  DeleteObjects: 0.201249 ms)

========================================================================
Received Prepare
Refreshing native plugins compatible for Editor in 65.76 ms, found 1 plugins.
Preloading 0 native plugins for Editor in 0.00 ms.
Unloading 8 Unused Serialized files (Serialized files now loaded: 0)
System memory in use before: 63.9 MB.
System memory in use after: 64.1 MB.

Unloading 8 unused Assets to reduce memory usage. Loaded Objects now: 3188.
Total: 11.709489 ms (FindLiveObjects: 1.868806 ms CreateObjectMapping: 0.448460 ms MarkObjects: 9.221317 ms  DeleteObjects: 0.162427 ms)

AssetImportWorkerClient::OnTransportError - code=2 error=End of file
